<component name="libraryTable">
  <library name="junit-4.8.2">
    <CLASSES>
      <root url="jar://D:/backup/Downloads/junit-4.8.2.jar!/" />
    </CLASSES>
    <JAVADOC />
    <SOURCES />
  </library>
</component>